2022-12-05T22:49:55.239Z  INFO 820222 --- [main] backend.DistributedSystems               : Starting DistributedSystems using Java 17.0.5 on Archy with PID 820222 (/home/kspir/Distributed_Internet_Systems_CW/compiled_jar_stable/Backend-Server.jar started by kspir in /home/kspir/Distributed_Internet_Systems_CW/compiled_jar_stable)
2022-12-05T22:49:55.242Z  INFO 820222 --- [main] backend.DistributedSystems               : The following 1 profile is active: "local"
2022-12-05T22:49:55.737Z  INFO 820222 --- [main] .s.d.r.c.RepositoryConfigurationDelegate : Bootstrapping Spring Data JPA repositories in DEFAULT mode.
2022-12-05T22:49:55.843Z  INFO 820222 --- [main] .s.d.r.c.RepositoryConfigurationDelegate : Finished Spring Data repository scanning in 100 ms. Found 3 JPA repository interfaces.
2022-12-05T22:49:56.238Z  INFO 820222 --- [main] o.s.b.w.embedded.tomcat.TomcatWebServer  : Tomcat initialized with port(s): 8080 (http)
2022-12-05T22:49:56.245Z  INFO 820222 --- [main] o.apache.catalina.core.StandardService   : Starting service [Tomcat]
2022-12-05T22:49:56.245Z  INFO 820222 --- [main] org.apache.catalina.core.StandardEngine  : Starting Servlet engine: [Apache Tomcat/10.0.23]
2022-12-05T22:49:56.301Z  INFO 820222 --- [main] o.a.c.c.C.[Tomcat].[localhost].[/]       : Initializing Spring embedded WebApplicationContext
2022-12-05T22:49:56.302Z  INFO 820222 --- [main] w.s.c.ServletWebServerApplicationContext : Root WebApplicationContext: initialization completed in 1023 ms
2022-12-05T22:49:56.365Z  INFO 820222 --- [main] com.zaxxer.hikari.HikariDataSource       : HikariPool-1 - Starting...
2022-12-05T22:49:56.555Z  INFO 820222 --- [main] com.zaxxer.hikari.pool.HikariPool        : HikariPool-1 - Added connection conn1: url=jdbc:h2:file:~/h2 user=SA
2022-12-05T22:49:56.556Z  INFO 820222 --- [main] com.zaxxer.hikari.HikariDataSource       : HikariPool-1 - Start completed.
2022-12-05T22:49:56.654Z  INFO 820222 --- [main] o.hibernate.jpa.internal.util.LogHelper  : HHH000204: Processing PersistenceUnitInfo [name: default]
2022-12-05T22:49:56.689Z  INFO 820222 --- [main] org.hibernate.Version                    : HHH000412: Hibernate ORM core version 6.1.3.Final
2022-12-05T22:49:56.821Z  WARN 820222 --- [main] org.hibernate.orm.deprecation            : HHH90000021: Encountered deprecated setting [javax.persistence.sharedCache.mode], use [jakarta.persistence.sharedCache.mode] instead
2022-12-05T22:49:56.905Z  INFO 820222 --- [main] SQL dialect                              : HHH000400: Using dialect: org.hibernate.dialect.H2Dialect
2022-12-05T22:49:57.369Z  INFO 820222 --- [main] o.h.e.t.j.p.i.JtaPlatformInitiator       : HHH000490: Using JtaPlatform implementation: [org.hibernate.engine.transaction.jta.platform.internal.NoJtaPlatform]
2022-12-05T22:49:57.373Z  INFO 820222 --- [main] j.LocalContainerEntityManagerFactoryBean : Initialized JPA EntityManagerFactory for persistence unit 'default'
2022-12-05T22:49:57.477Z  INFO 820222 --- [main] o.s.b.a.h2.H2ConsoleAutoConfiguration    : H2 console available at '/h2-console'. Database available at 'jdbc:h2:file:~/h2'
2022-12-05T22:49:58.332Z  INFO 820222 --- [main] o.s.b.a.w.s.WelcomePageHandlerMapping    : Adding welcome page: class path resource [static/index.html]
2022-12-05T22:49:58.385Z  INFO 820222 --- [main] o.s.s.web.DefaultSecurityFilterChain     : Will secure any request with [org.springframework.security.web.session.DisableEncodeUrlFilter@6b832551, org.springframework.security.web.context.request.async.WebAsyncManagerIntegrationFilter@150d6eaf, org.springframework.security.web.context.SecurityContextHolderFilter@19526f1d, org.springframework.security.web.header.HeaderWriterFilter@70fede7d, org.springframework.web.filter.CorsFilter@63124022, org.springframework.security.web.authentication.logout.LogoutFilter@4d69d288, org.springframework.security.web.authentication.UsernamePasswordAuthenticationFilter@23564dd2, org.springframework.security.web.session.ConcurrentSessionFilter@7d7ceca8, org.springframework.security.web.authentication.www.BasicAuthenticationFilter@66020d69, org.springframework.security.web.savedrequest.RequestCacheAwareFilter@79be91eb, org.springframework.security.web.servletapi.SecurityContextHolderAwareRequestFilter@65593327, org.springframework.security.web.authentication.AnonymousAuthenticationFilter@591f6f83, org.springframework.security.web.session.SessionManagementFilter@2c47a053, org.springframework.security.web.access.ExceptionTranslationFilter@682e445e, org.springframework.security.web.access.intercept.FilterSecurityInterceptor@6cdbe5ec]
2022-12-05T22:49:58.698Z  INFO 820222 --- [main] o.s.b.w.embedded.tomcat.TomcatWebServer  : Tomcat started on port(s): 8080 (http) with context path ''
2022-12-05T22:49:58.699Z  INFO 820222 --- [main] o.s.m.s.b.SimpleBrokerMessageHandler     : Starting...
2022-12-05T22:49:58.699Z  INFO 820222 --- [main] o.s.m.s.b.SimpleBrokerMessageHandler     : BrokerAvailabilityEvent[available=true, SimpleBrokerMessageHandler [org.springframework.messaging.simp.broker.DefaultSubscriptionRegistry@2bb0e277]]
2022-12-05T22:49:58.700Z  INFO 820222 --- [main] o.s.m.s.b.SimpleBrokerMessageHandler     : Started.
2022-12-05T22:49:58.702Z  INFO 820222 --- [main] backend.DistributedSystems               : Started DistributedSystems in 3.753 seconds (process running for 4.086)
2022-12-05T22:50:10.819Z  INFO 820222 --- [http-nio-8080-exec-1] o.apache.tomcat.util.http.parser.Cookie  : A cookie header was received [bob,public;] that contained an invalid cookie. That cookie will be ignored.
 Note: further occurrences of this error will be logged at DEBUG level.
2022-12-05T22:50:10.824Z  INFO 820222 --- [http-nio-8080-exec-1] o.a.c.c.C.[Tomcat].[localhost].[/]       : Initializing Spring DispatcherServlet 'dispatcherServlet'
2022-12-05T22:50:10.824Z  INFO 820222 --- [http-nio-8080-exec-1] o.s.web.servlet.DispatcherServlet        : Initializing Servlet 'dispatcherServlet'
2022-12-05T22:50:10.824Z  INFO 820222 --- [http-nio-8080-exec-1] o.s.web.servlet.DispatcherServlet        : Completed initialization in 0 ms
2022-12-05T22:50:11.547Z  INFO 820222 --- [SimpleAsyncTaskExecutor-113] backend.chat.SocketEventListener         : Received a new web socket connection. from User: bob
2022-12-05T22:50:11.547Z  INFO 820222 --- [SimpleAsyncTaskExecutor-112] backend.chat.SocketEventListener         : Received a new web socket connection. from User: bob
2022-12-05T22:50:13.166Z  INFO 820222 --- [SimpleAsyncTaskExecutor-129] backend.chat.SocketEventListener         : User Disconnected: bob
2022-12-05T22:50:16.674Z  INFO 820222 --- [SimpleAsyncTaskExecutor-212] backend.chat.SocketEventListener         : Received a new web socket connection. from User: bob
2022-12-05T22:50:16.676Z  INFO 820222 --- [SimpleAsyncTaskExecutor-222] backend.chat.SocketEventListener         : Received a new web socket connection. from User: bob
2022-12-05T22:50:17.809Z  INFO 820222 --- [SimpleAsyncTaskExecutor-233] backend.chat.SocketEventListener         : User Disconnected: bob
2022-12-05T22:50:17.960Z  INFO 820222 --- [SimpleAsyncTaskExecutor-268] backend.chat.SocketEventListener         : Received a new web socket connection. from User: bob
2022-12-05T22:50:22.174Z  INFO 820222 --- [SimpleAsyncTaskExecutor-324] backend.chat.SocketEventListener         : Received a new web socket connection. from User: bob
2022-12-05T22:50:22.179Z  INFO 820222 --- [SimpleAsyncTaskExecutor-336] backend.chat.SocketEventListener         : Received a new web socket connection. from User: bob
2022-12-05T22:50:25.249Z  INFO 820222 --- [SimpleAsyncTaskExecutor-379] backend.chat.SocketEventListener         : User Disconnected: bob
2022-12-05T22:50:25.398Z  INFO 820222 --- [SimpleAsyncTaskExecutor-414] backend.chat.SocketEventListener         : Received a new web socket connection. from User: bob
2022-12-05T22:50:28.632Z  INFO 820222 --- [SimpleAsyncTaskExecutor-481] backend.chat.SocketEventListener         : Received a new web socket connection. from User: bob
2022-12-05T22:50:28.632Z  INFO 820222 --- [SimpleAsyncTaskExecutor-483] backend.chat.SocketEventListener         : Received a new web socket connection. from User: bob
2022-12-05T22:50:42.641Z  INFO 820222 --- [SimpleAsyncTaskExecutor-523] backend.chat.SocketEventListener         : User Disconnected: bob
2022-12-05T22:50:48.075Z  INFO 820222 --- [SpringApplicationShutdownHook] o.s.m.s.b.SimpleBrokerMessageHandler     : Stopping...
2022-12-05T22:50:48.075Z  INFO 820222 --- [SpringApplicationShutdownHook] o.s.m.s.b.SimpleBrokerMessageHandler     : BrokerAvailabilityEvent[available=false, SimpleBrokerMessageHandler [org.springframework.messaging.simp.broker.DefaultSubscriptionRegistry@2bb0e277]]
2022-12-05T22:50:48.075Z  INFO 820222 --- [SpringApplicationShutdownHook] o.s.m.s.b.SimpleBrokerMessageHandler     : Stopped.
2022-12-05T22:50:48.107Z  INFO 820222 --- [SpringApplicationShutdownHook] j.LocalContainerEntityManagerFactoryBean : Closing JPA EntityManagerFactory for persistence unit 'default'
2022-12-05T22:50:48.107Z  INFO 820222 --- [SpringApplicationShutdownHook] .SchemaDropperImpl$DelayedDropActionImpl : HHH000477: Starting delayed evictData of schema as part of SessionFactory shut-down'
2022-12-05T22:50:48.110Z  INFO 820222 --- [SpringApplicationShutdownHook] com.zaxxer.hikari.HikariDataSource       : HikariPool-1 - Shutdown initiated...
2022-12-05T22:50:48.138Z  INFO 820222 --- [SpringApplicationShutdownHook] com.zaxxer.hikari.HikariDataSource       : HikariPool-1 - Shutdown completed.
2022-12-05T22:50:50.826Z  INFO 822909 --- [main] backend.DistributedSystems               : Starting DistributedSystems using Java 17.0.5 on Archy with PID 822909 (/home/kspir/Distributed_Internet_Systems_CW/compiled_jar_stable/Backend-Server.jar started by kspir in /home/kspir/Distributed_Internet_Systems_CW/compiled_jar_stable)
2022-12-05T22:50:50.829Z  INFO 822909 --- [main] backend.DistributedSystems               : The following 1 profile is active: "local"
2022-12-05T22:50:51.347Z  INFO 822909 --- [main] .s.d.r.c.RepositoryConfigurationDelegate : Bootstrapping Spring Data JPA repositories in DEFAULT mode.
2022-12-05T22:50:51.457Z  INFO 822909 --- [main] .s.d.r.c.RepositoryConfigurationDelegate : Finished Spring Data repository scanning in 103 ms. Found 3 JPA repository interfaces.
2022-12-05T22:50:51.843Z  INFO 822909 --- [main] o.s.b.w.embedded.tomcat.TomcatWebServer  : Tomcat initialized with port(s): 8080 (http)
2022-12-05T22:50:51.849Z  INFO 822909 --- [main] o.apache.catalina.core.StandardService   : Starting service [Tomcat]
2022-12-05T22:50:51.850Z  INFO 822909 --- [main] org.apache.catalina.core.StandardEngine  : Starting Servlet engine: [Apache Tomcat/10.0.23]
2022-12-05T22:50:51.903Z  INFO 822909 --- [main] o.a.c.c.C.[Tomcat].[localhost].[/]       : Initializing Spring embedded WebApplicationContext
2022-12-05T22:50:51.905Z  INFO 822909 --- [main] w.s.c.ServletWebServerApplicationContext : Root WebApplicationContext: initialization completed in 1030 ms
2022-12-05T22:50:51.971Z  INFO 822909 --- [main] com.zaxxer.hikari.HikariDataSource       : HikariPool-1 - Starting...
2022-12-05T22:50:52.162Z  INFO 822909 --- [main] com.zaxxer.hikari.pool.HikariPool        : HikariPool-1 - Added connection conn1: url=jdbc:h2:file:~/h2 user=SA
2022-12-05T22:50:52.163Z  INFO 822909 --- [main] com.zaxxer.hikari.HikariDataSource       : HikariPool-1 - Start completed.
2022-12-05T22:50:52.252Z  INFO 822909 --- [main] o.hibernate.jpa.internal.util.LogHelper  : HHH000204: Processing PersistenceUnitInfo [name: default]
2022-12-05T22:50:52.288Z  INFO 822909 --- [main] org.hibernate.Version                    : HHH000412: Hibernate ORM core version 6.1.3.Final
2022-12-05T22:50:52.393Z  WARN 822909 --- [main] org.hibernate.orm.deprecation            : HHH90000021: Encountered deprecated setting [javax.persistence.sharedCache.mode], use [jakarta.persistence.sharedCache.mode] instead
2022-12-05T22:50:52.468Z  INFO 822909 --- [main] SQL dialect                              : HHH000400: Using dialect: org.hibernate.dialect.H2Dialect
2022-12-05T22:50:52.923Z  INFO 822909 --- [main] o.h.e.t.j.p.i.JtaPlatformInitiator       : HHH000490: Using JtaPlatform implementation: [org.hibernate.engine.transaction.jta.platform.internal.NoJtaPlatform]
2022-12-05T22:50:52.928Z  INFO 822909 --- [main] j.LocalContainerEntityManagerFactoryBean : Initialized JPA EntityManagerFactory for persistence unit 'default'
2022-12-05T22:50:52.998Z  INFO 822909 --- [main] o.s.b.a.h2.H2ConsoleAutoConfiguration    : H2 console available at '/h2-console'. Database available at 'jdbc:h2:file:~/h2'
2022-12-05T22:50:53.789Z  INFO 822909 --- [main] o.s.b.a.w.s.WelcomePageHandlerMapping    : Adding welcome page: class path resource [static/index.html]
2022-12-05T22:50:53.849Z  INFO 822909 --- [main] o.s.s.web.DefaultSecurityFilterChain     : Will secure any request with [org.springframework.security.web.session.DisableEncodeUrlFilter@759a678a, org.springframework.security.web.context.request.async.WebAsyncManagerIntegrationFilter@6cdbe5ec, org.springframework.security.web.context.SecurityContextHolderFilter@5d2a86c0, org.springframework.security.web.header.HeaderWriterFilter@7c71c889, org.springframework.web.filter.CorsFilter@14b8a751, org.springframework.security.web.authentication.logout.LogoutFilter@65593327, org.springframework.security.web.authentication.UsernamePasswordAuthenticationFilter@76a6f045, org.springframework.security.web.session.ConcurrentSessionFilter@70fede7d, org.springframework.security.web.authentication.www.BasicAuthenticationFilter@3e38c472, org.springframework.security.web.savedrequest.RequestCacheAwareFilter@65bd19bf, org.springframework.security.web.servletapi.SecurityContextHolderAwareRequestFilter@2bba35ef, org.springframework.security.web.authentication.AnonymousAuthenticationFilter@7345f97d, org.springframework.security.web.session.SessionManagementFilter@5c59a0f7, org.springframework.security.web.access.ExceptionTranslationFilter@787d1f9c, org.springframework.security.web.access.intercept.FilterSecurityInterceptor@7772d266]
2022-12-05T22:50:54.166Z  INFO 822909 --- [main] o.s.b.w.embedded.tomcat.TomcatWebServer  : Tomcat started on port(s): 8080 (http) with context path ''
2022-12-05T22:50:54.167Z  INFO 822909 --- [main] o.s.m.s.b.SimpleBrokerMessageHandler     : Starting...
2022-12-05T22:50:54.168Z  INFO 822909 --- [main] o.s.m.s.b.SimpleBrokerMessageHandler     : BrokerAvailabilityEvent[available=true, SimpleBrokerMessageHandler [org.springframework.messaging.simp.broker.DefaultSubscriptionRegistry@6d420cdd]]
2022-12-05T22:50:54.168Z  INFO 822909 --- [main] o.s.m.s.b.SimpleBrokerMessageHandler     : Started.
2022-12-05T22:50:54.170Z  INFO 822909 --- [main] backend.DistributedSystems               : Started DistributedSystems in 3.652 seconds (process running for 4.016)
2022-12-05T22:50:57.370Z  INFO 822909 --- [http-nio-8080-exec-1] o.apache.tomcat.util.http.parser.Cookie  : A cookie header was received [bob,bobjohn] that contained an invalid cookie. That cookie will be ignored.
 Note: further occurrences of this error will be logged at DEBUG level.
2022-12-05T22:50:57.374Z  INFO 822909 --- [http-nio-8080-exec-1] o.a.c.c.C.[Tomcat].[localhost].[/]       : Initializing Spring DispatcherServlet 'dispatcherServlet'
2022-12-05T22:50:57.374Z  INFO 822909 --- [http-nio-8080-exec-1] o.s.web.servlet.DispatcherServlet        : Initializing Servlet 'dispatcherServlet'
2022-12-05T22:50:57.375Z  INFO 822909 --- [http-nio-8080-exec-1] o.s.web.servlet.DispatcherServlet        : Completed initialization in 1 ms
2022-12-05T22:51:00.166Z  INFO 822909 --- [SimpleAsyncTaskExecutor-116] backend.chat.SocketEventListener         : Received a new web socket connection. from User: sam
2022-12-05T22:51:00.166Z  INFO 822909 --- [SimpleAsyncTaskExecutor-117] backend.chat.SocketEventListener         : Received a new web socket connection. from User: sam
2022-12-05T22:51:06.115Z  INFO 822909 --- [SimpleAsyncTaskExecutor-147] backend.chat.SocketEventListener         : User Disconnected: sam
2022-12-05T22:51:06.282Z  INFO 822909 --- [SimpleAsyncTaskExecutor-182] backend.chat.SocketEventListener         : Received a new web socket connection. from User: sam
2022-12-05T22:51:09.719Z  INFO 822909 --- [SimpleAsyncTaskExecutor-242] backend.chat.SocketEventListener         : Received a new web socket connection. from User: sam
2022-12-05T22:51:09.725Z  INFO 822909 --- [SimpleAsyncTaskExecutor-254] backend.chat.SocketEventListener         : Received a new web socket connection. from User: sam
2022-12-05T22:51:20.374Z  INFO 822909 --- [SimpleAsyncTaskExecutor-268] backend.chat.SocketEventListener         : User Disconnected: sam
2022-12-05T22:51:53.872Z  INFO 822909 --- [MessageBroker-10] o.s.w.s.c.WebSocketMessageBrokerStats    : WebSocketSession[0 current WS(0)-HttpStream(0)-HttpPoll(0), 5 total, 0 closed abnormally (0 connect failure, 0 send limit, 0 transport error)], stompSubProtocol[processed CONNECT(5)-CONNECTED(5)-DISCONNECT(0)], stompBrokerRelay[null], inboundChannel[pool size = 48, active threads = 0, queued tasks = 0, completed tasks = 84], outboundChannel[pool size = 21, active threads = 0, queued tasks = 0, completed tasks = 21], sockJsScheduler[pool size = 24, active threads = 1, queued tasks = 2, completed tasks = 12]
2022-12-05T22:53:42.996Z  INFO 822909 --- [SpringApplicationShutdownHook] o.s.m.s.b.SimpleBrokerMessageHandler     : Stopping...
2022-12-05T22:53:42.996Z  INFO 822909 --- [SpringApplicationShutdownHook] o.s.m.s.b.SimpleBrokerMessageHandler     : BrokerAvailabilityEvent[available=false, SimpleBrokerMessageHandler [org.springframework.messaging.simp.broker.DefaultSubscriptionRegistry@6d420cdd]]
2022-12-05T22:53:42.996Z  INFO 822909 --- [SpringApplicationShutdownHook] o.s.m.s.b.SimpleBrokerMessageHandler     : Stopped.
2022-12-05T22:53:43.017Z  INFO 822909 --- [SpringApplicationShutdownHook] j.LocalContainerEntityManagerFactoryBean : Closing JPA EntityManagerFactory for persistence unit 'default'
2022-12-05T22:53:43.017Z  INFO 822909 --- [SpringApplicationShutdownHook] .SchemaDropperImpl$DelayedDropActionImpl : HHH000477: Starting delayed evictData of schema as part of SessionFactory shut-down'
2022-12-05T22:53:43.247Z  INFO 822909 --- [SpringApplicationShutdownHook] com.zaxxer.hikari.HikariDataSource       : HikariPool-1 - Shutdown initiated...
2022-12-05T22:53:43.256Z  INFO 822909 --- [SpringApplicationShutdownHook] com.zaxxer.hikari.HikariDataSource       : HikariPool-1 - Shutdown completed.
